<?xml version="1.0" encoding="UTF-8"?>
<!-- Generated by org.testng.reporters.JUnitReportReporter -->
<testsuite skipped="0" hostname="LAPTOP-QNPV151A" name="com.tests.LogintTest" tests="4" failures="0" timestamp="26 Mar 2022 13:49:21 GMT" time="3.441" errors="0">
  <testcase name="logIn" time="1.750" classname="com.tests.LogintTest"/>
  <testcase name="dashPage" time="0.059" classname="com.tests.LogintTest"/>
  <testcase name="checkUserBtn" time="0.504" classname="com.tests.LogintTest"/>
  <testcase name="checkAddUser" time="1.128" classname="com.tests.LogintTest"/>
</testsuite> <!-- com.tests.LogintTest -->
